<?xml version="1.0" encoding="UTF-8"?>
<!-- Generated by org.testng.reporters.JUnitReportReporter -->
<testsuite hostname="TrangDTH" failures="0" tests="1" name="javaTester.Topic_10_Array" time="0.006" errors="0" timestamp="25 Mar 2023 04:35:49 GMT" skipped="0">
  <testcase classname="javaTester.Topic_10_Array" name="TC_06" time="0.006"/>
</testsuite> <!-- javaTester.Topic_10_Array -->
