<?xml version="1.0" encoding="UTF-8"?>
<!-- Generated by org.testng.reporters.JUnitReportReporter -->
<testsuite hostname="TrangDTH" failures="0" tests="1" name="javaTester.Topic_08_While_Do_While" time="0.007" errors="0" timestamp="25 Mar 2023 04:01:01 GMT" skipped="0">
  <testcase classname="javaTester.Topic_08_While_Do_While" name="TC_05" time="0.007"/>
</testsuite> <!-- javaTester.Topic_08_While_Do_While -->
