<?xml version="1.0" encoding="UTF-8"?>
<!-- Generated by org.testng.reporters.JUnitReportReporter -->
<testsuite hostname="TrangDTH" failures="0" tests="5" name="javaTester.Topic_02_DataType_Exercise" time="0.012" errors="0" timestamp="21 Mar 2023 07:53:09 GMT" skipped="0">
  <testcase classname="javaTester.Topic_02_DataType_Exercise" name="TC_02_Reference" time="0.001"/>
  <testcase classname="javaTester.Topic_02_DataType_Exercise" name="TC_01_Primitive" time="0.007"/>
  <testcase classname="javaTester.Topic_02_DataType_Exercise" name="TC_05_Exercise" time="0.001"/>
  <testcase classname="javaTester.Topic_02_DataType_Exercise" name="TC_03_Exercise" time="0.001"/>
  <testcase classname="javaTester.Topic_02_DataType_Exercise" name="TC_04_Exercise" time="0.002"/>
</testsuite> <!-- javaTester.Topic_02_DataType_Exercise -->
