<?xml version="1.0" encoding="UTF-8"?>
<!-- Generated by org.testng.reporters.JUnitReportReporter -->
<testsuite hostname="TrangDTH" failures="0" tests="3" name="javaTester.Topic_03_Operator_Exercise" time="6.469" errors="0" timestamp="21 Mar 2023 08:13:47 GMT" skipped="0">
  <testcase classname="javaTester.Topic_03_Operator_Exercise" name="TC_03" time="3.570"/>
  <testcase classname="javaTester.Topic_03_Operator_Exercise" name="TC_01" time="2.898"/>
  <testcase classname="javaTester.Topic_03_Operator_Exercise" name="TC_02" time="0.001"/>
</testsuite> <!-- javaTester.Topic_03_Operator_Exercise -->
