<?xml version="1.0" encoding="UTF-8"?>
<!-- Generated by org.testng.reporters.JUnitReportReporter -->
<testsuite hostname="TrangDTH" failures="0" tests="1" name="javaTester.Topic_05_ConditionStatement" time="1.559" errors="0" timestamp="22 Mar 2023 09:41:38 GMT" skipped="0">
  <testcase classname="javaTester.Topic_05_ConditionStatement" name="TC_06" time="1.559"/>
</testsuite> <!-- javaTester.Topic_05_ConditionStatement -->
