<?xml version="1.0" encoding="UTF-8"?>
<!-- Generated by org.testng.reporters.JUnitReportReporter -->
<testsuite hostname="TrangDTH" failures="0" tests="1" name="javaTester.Topic_11_String_Exercise" time="3.245" errors="0" timestamp="29 Mar 2023 04:54:02 GMT" skipped="0">
  <testcase classname="javaTester.Topic_11_String_Exercise" name="TC_03" time="3.245"/>
</testsuite> <!-- javaTester.Topic_11_String_Exercise -->
