<?xml version="1.0" encoding="UTF-8"?>
<!-- Generated by org.testng.reporters.JUnitReportReporter -->
<testsuite hostname="TrangDTH" failures="0" tests="1" name="javaTester.Topic_09_Break_Continue" time="1.653" errors="0" timestamp="25 Mar 2023 04:22:17 GMT" skipped="0">
  <testcase classname="javaTester.Topic_09_Break_Continue" name="TC_02" time="1.653"/>
</testsuite> <!-- javaTester.Topic_09_Break_Continue -->
