<?xml version="1.0" encoding="UTF-8"?>
<!-- Generated by org.testng.reporters.JUnitReportReporter -->
<testsuite hostname="TrangDTH" failures="0" tests="1" name="javaTester.Topic_06_Switch_Case" time="4.659" errors="0" timestamp="22 Mar 2023 09:58:13 GMT" skipped="0">
  <testcase classname="javaTester.Topic_06_Switch_Case" name="TC_02" time="4.659"/>
</testsuite> <!-- javaTester.Topic_06_Switch_Case -->
