<?xml version="1.0" encoding="UTF-8"?>
<!-- Generated by org.testng.reporters.JUnitReportReporter -->
<testsuite hostname="TrangDTH" failures="0" tests="1" name="exception.Topic_03_Try_Catch_Finally" time="0.006" errors="0" timestamp="20 Apr 2023 09:06:14 GMT" skipped="0">
  <testcase classname="exception.Topic_03_Try_Catch_Finally" name="TC_01_catch1" time="0.006"/>
</testsuite> <!-- exception.Topic_03_Try_Catch_Finally -->
