<?xml version="1.0" encoding="UTF-8"?>
<!-- Generated by org.testng.reporters.JUnitReportReporter -->
<testsuite hostname="TrangDTH" failures="0" tests="1" name="javaTester.Topic_12_Access_Modifier_1" time="0.006" errors="0" timestamp="29 Mar 2023 05:19:19 GMT" skipped="0">
  <testcase classname="javaTester.Topic_12_Access_Modifier_1" name="TC_01" time="0.006"/>
</testsuite> <!-- javaTester.Topic_12_Access_Modifier_1 -->
