<?xml version="1.0" encoding="UTF-8"?>
<!-- Generated by org.testng.reporters.JUnitReportReporter -->
<testsuite hostname="TrangDTH" failures="0" tests="1" name="javaTester.Topic_07_For_ForEach" time="1.081" errors="0" timestamp="24 Mar 2023 09:33:22 GMT" skipped="0">
  <testcase classname="javaTester.Topic_07_For_ForEach" name="TC_07" time="1.081"/>
</testsuite> <!-- javaTester.Topic_07_For_ForEach -->
